# JRE version: OpenJDK Runtime Environment (17.0.10) (build 17.0.10+0--11572160)
# Java VM: OpenJDK 64-Bit Server VM (17.0.10+0--11572160, mixed mode, tiered, compressed oops, compressed class ptrs, g1 gc, windows-amd64)
GC Precious Log:
 CPUs: 4 total, 4 available
 Memory: 3838M
 Large Page Support: Disabled
 NUMA Support: Disabled
 Compressed Oops: Enabled (32-bit)
 Heap Region Size: 1M
 Heap Min Capacity: 8M
 Heap Initial Capacity: 60M
 Heap Max Capacity: 2G
 Pre-touch: Disabled
 Parallel Workers: 4
 Concurrent Workers: 1
 Concurrent Refinement Workers: 4
 Periodic GC: Disabled
Heap:
 garbage-first heap   total 461824K, used 327397K [0x0000000080000000, 0x0000000100000000)
  region size 1024K, 37 young (37888K), 7 survivors (7168K)
 Metaspace       used 132317K, committed 133248K, reserved 1179648K
  class space    used 18125K, committed 18560K, reserved 1048576K
GC Heap History (20 events):
Event: 305.154 GC heap before
{Heap before GC invocations=163 (full 0):
 garbage-first heap   total 461824K, used 409066K [0x0000000080000000, 0x0000000100000000)
  region size 1024K, 118 young (120832K), 5 survivors (5120K)
 Metaspace       used 132233K, committed 133120K, reserved 1179648K
  class space    used 18111K, committed 18560K, reserved 1048576K
}
Event: 305.180 GC heap after
{Heap after GC invocations=164 (full 0):
 garbage-first heap   total 461824K, used 294415K [0x0000000080000000, 0x0000000100000000)
  region size 1024K, 6 young (6144K), 6 survivors (6144K)
 Metaspace       used 132233K, committed 133120K, reserved 1179648K
  class space    used 18111K, committed 18560K, reserved 1048576K
}
Event: 306.355 GC heap before
{Heap before GC invocations=164 (full 0):
 garbage-first heap   total 461824K, used 408079K [0x0000000080000000, 0x0000000100000000)
  region size 1024K, 117 young (119808K), 6 survivors (6144K)
 Metaspace       used 132235K, committed 133184K, reserved 1179648K
  class space    used 18111K, committed 18560K, reserved 1048576K
}
Event: 306.383 GC heap after
{Heap after GC invocations=165 (full 0):
 garbage-first heap   total 461824K, used 294783K [0x0000000080000000, 0x0000000100000000)
  region size 1024K, 6 young (6144K), 6 survivors (6144K)
 Metaspace       used 132235K, committed 133184K, reserved 1179648K
  class space    used 18111K, committed 18560K, reserved 1048576K
}
Event: 307.573 GC heap before
{Heap before GC invocations=165 (full 0):
 garbage-first heap   total 461824K, used 408447K [0x0000000080000000, 0x0000000100000000)
  region size 1024K, 117 young (119808K), 6 survivors (6144K)
 Metaspace       used 132235K, committed 133184K, reserved 1179648K
  class space    used 18111K, committed 18560K, reserved 1048576K
}
Event: 307.596 GC heap after
{Heap after GC invocations=166 (full 0):
 garbage-first heap   total 461824K, used 294792K [0x0000000080000000, 0x0000000100000000)
  region size 1024K, 6 young (6144K), 6 survivors (6144K)
 Metaspace       used 132235K, committed 133184K, reserved 1179648K
  class space    used 18111K, committed 18560K, reserved 1048576K
}
Event: 308.902 GC heap before
{Heap before GC invocations=166 (full 0):
 garbage-first heap   total 461824K, used 408456K [0x0000000080000000, 0x0000000100000000)
  region size 1024K, 117 young (119808K), 6 survivors (6144K)
 Metaspace       used 132254K, committed 133184K, reserved 1179648K
  class space    used 18111K, committed 18560K, reserved 1048576K
}
Event: 308.934 GC heap after
{Heap after GC invocations=167 (full 0):
 garbage-first heap   total 461824K, used 295067K [0x0000000080000000, 0x0000000100000000)
  region size 1024K, 7 young (7168K), 7 survivors (7168K)
 Metaspace       used 132254K, committed 133184K, reserved 1179648K
  class space    used 18111K, committed 18560K, reserved 1048576K
}
Event: 310.307 GC heap before
{Heap before GC invocations=167 (full 0):
 garbage-first heap   total 461824K, used 406683K [0x0000000080000000, 0x0000000100000000)
  region size 1024K, 116 young (118784K), 7 survivors (7168K)
 Metaspace       used 132254K, committed 133184K, reserved 1179648K
  class space    used 18111K, committed 18560K, reserved 1048576K
}
Event: 310.348 GC heap after
{Heap after GC invocations=168 (full 0):
 garbage-first heap   total 461824K, used 295659K [0x0000000080000000, 0x0000000100000000)
  region size 1024K, 7 young (7168K), 7 survivors (7168K)
 Metaspace       used 132254K, committed 133184K, reserved 1179648K
  class space    used 18111K, committed 18560K, reserved 1048576K
}
Event: 311.799 GC heap before
{Heap before GC invocations=168 (full 0):
 garbage-first heap   total 461824K, used 407275K [0x0000000080000000, 0x0000000100000000)
  region size 1024K, 116 young (118784K), 7 survivors (7168K)
 Metaspace       used 132274K, committed 133184K, reserved 1179648K
  class space    used 18116K, committed 18560K, reserved 1048576K
}
Event: 311.826 GC heap after
{Heap after GC invocations=169 (full 0):
 garbage-first heap   total 461824K, used 296440K [0x0000000080000000, 0x0000000100000000)
  region size 1024K, 8 young (8192K), 8 survivors (8192K)
 Metaspace       used 132274K, committed 133184K, reserved 1179648K
  class space    used 18116K, committed 18560K, reserved 1048576K
}
Event: 312.994 GC heap before
{Heap before GC invocations=169 (full 0):
 garbage-first heap   total 461824K, used 406008K [0x0000000080000000, 0x0000000100000000)
  region size 1024K, 115 young (117760K), 8 survivors (8192K)
 Metaspace       used 132297K, committed 133184K, reserved 1179648K
  class space    used 18119K, committed 18560K, reserved 1048576K
}
Event: 313.030 GC heap after
{Heap after GC invocations=170 (full 0):
 garbage-first heap   total 461824K, used 296517K [0x0000000080000000, 0x0000000100000000)
  region size 1024K, 8 young (8192K), 8 survivors (8192K)
 Metaspace       used 132297K, committed 133184K, reserved 1179648K
  class space    used 18119K, committed 18560K, reserved 1048576K
}
Event: 314.233 GC heap before
{Heap before GC invocations=170 (full 0):
 garbage-first heap   total 461824K, used 406085K [0x0000000080000000, 0x0000000100000000)
  region size 1024K, 115 young (117760K), 8 survivors (8192K)
 Metaspace       used 132297K, committed 133184K, reserved 1179648K
  class space    used 18119K, committed 18560K, reserved 1048576K
}
Event: 314.261 GC heap after
{Heap after GC invocations=171 (full 0):
 garbage-first heap   total 461824K, used 297864K [0x0000000080000000, 0x0000000100000000)
  region size 1024K, 9 young (9216K), 9 survivors (9216K)
 Metaspace       used 132297K, committed 133184K, reserved 1179648K
  class space    used 18119K, committed 18560K, reserved 1048576K
}
Event: 315.524 GC heap before
{Heap before GC invocations=171 (full 0):
 garbage-first heap   total 461824K, used 405384K [0x0000000080000000, 0x0000000100000000)
  region size 1024K, 114 young (116736K), 9 survivors (9216K)
 Metaspace       used 132315K, committed 133184K, reserved 1179648K
  class space    used 18125K, committed 18560K, reserved 1048576K
}
Event: 315.562 GC heap after
{Heap after GC invocations=172 (full 0):
 garbage-first heap   total 461824K, used 297591K [0x0000000080000000, 0x0000000100000000)
  region size 1024K, 7 young (7168K), 7 survivors (7168K)
 Metaspace       used 132315K, committed 133184K, reserved 1179648K
  class space    used 18125K, committed 18560K, reserved 1048576K
}
Event: 317.444 GC heap before
{Heap before GC invocations=172 (full 0):
 garbage-first heap   total 461824K, used 407159K [0x0000000080000000, 0x0000000100000000)
  region size 1024K, 114 young (116736K), 7 survivors (7168K)
 Metaspace       used 132316K, committed 133248K, reserved 1179648K
  class space    used 18125K, committed 18560K, reserved 1048576K
}
Event: 317.469 GC heap after
{Heap after GC invocations=173 (full 0):
 garbage-first heap   total 461824K, used 297701K [0x0000000080000000, 0x0000000100000000)
  region size 1024K, 7 young (7168K), 7 survivors (7168K)
 Metaspace       used 132316K, committed 133248K, reserved 1179648K
  class space    used 18125K, committed 18560K, reserved 1048576K
}

