# JRE version: OpenJDK Runtime Environment (17.0.10) (build 17.0.10+0--11572160)
# Java VM: OpenJDK 64-Bit Server VM (17.0.10+0--11572160, mixed mode, tiered, compressed oops, compressed class ptrs, g1 gc, windows-amd64)
GC Precious Log:
 CPUs: 4 total, 4 available
 Memory: 3838M
 Large Page Support: Disabled
 NUMA Support: Disabled
 Compressed Oops: Enabled (32-bit)
 Heap Region Size: 1M
 Heap Min Capacity: 8M
 Heap Initial Capacity: 60M
 Heap Max Capacity: 2G
 Pre-touch: Disabled
 Parallel Workers: 4
 Concurrent Workers: 1
 Concurrent Refinement Workers: 4
 Periodic GC: Disabled
Heap:
 garbage-first heap   total 510976K, used 423936K [0x0000000080000000, 0x0000000100000000)
  region size 1024K, 4 young (4096K), 4 survivors (4096K)
 Metaspace       used 209496K, committed 210880K, reserved 1245184K
  class space    used 26718K, committed 27392K, reserved 1048576K
GC Heap History (20 events):
Event: 840.595 GC heap after
{Heap after GC invocations=106 (full 0):
 garbage-first heap   total 510976K, used 345526K [0x0000000080000000, 0x0000000100000000)
  region size 1024K, 7 young (7168K), 7 survivors (7168K)
 Metaspace       used 198678K, committed 200064K, reserved 1245184K
  class space    used 25229K, committed 25920K, reserved 1048576K
}
Event: 843.234 GC heap before
{Heap before GC invocations=106 (full 0):
 garbage-first heap   total 510976K, used 436662K [0x0000000080000000, 0x0000000100000000)
  region size 1024K, 97 young (99328K), 7 survivors (7168K)
 Metaspace       used 198777K, committed 200128K, reserved 1245184K
  class space    used 25230K, committed 25920K, reserved 1048576K
}
Event: 843.267 GC heap after
{Heap after GC invocations=107 (full 0):
 garbage-first heap   total 510976K, used 345529K [0x0000000080000000, 0x0000000100000000)
  region size 1024K, 7 young (7168K), 7 survivors (7168K)
 Metaspace       used 198777K, committed 200128K, reserved 1245184K
  class space    used 25230K, committed 25920K, reserved 1048576K
}
Event: 852.514 GC heap before
{Heap before GC invocations=107 (full 0):
 garbage-first heap   total 510976K, used 438713K [0x0000000080000000, 0x0000000100000000)
  region size 1024K, 99 young (101376K), 7 survivors (7168K)
 Metaspace       used 200620K, committed 201920K, reserved 1245184K
  class space    used 25467K, committed 26112K, reserved 1048576K
}
Event: 852.569 GC heap after
{Heap after GC invocations=108 (full 0):
 garbage-first heap   total 510976K, used 351374K [0x0000000080000000, 0x0000000100000000)
  region size 1024K, 12 young (12288K), 12 survivors (12288K)
 Metaspace       used 200620K, committed 201920K, reserved 1245184K
  class space    used 25467K, committed 26112K, reserved 1048576K
}
Event: 856.222 GC heap before
{Heap before GC invocations=108 (full 0):
 garbage-first heap   total 510976K, used 438414K [0x0000000080000000, 0x0000000100000000)
  region size 1024K, 98 young (100352K), 12 survivors (12288K)
 Metaspace       used 204300K, committed 205632K, reserved 1245184K
  class space    used 25987K, committed 26624K, reserved 1048576K
}
Event: 856.351 GC heap after
{Heap after GC invocations=109 (full 0):
 garbage-first heap   total 510976K, used 364064K [0x0000000080000000, 0x0000000100000000)
  region size 1024K, 13 young (13312K), 13 survivors (13312K)
 Metaspace       used 204300K, committed 205632K, reserved 1245184K
  class space    used 25987K, committed 26624K, reserved 1048576K
}
Event: 859.454 GC heap before
{Heap before GC invocations=109 (full 0):
 garbage-first heap   total 510976K, used 438816K [0x0000000080000000, 0x0000000100000000)
  region size 1024K, 86 young (88064K), 13 survivors (13312K)
 Metaspace       used 205839K, committed 207168K, reserved 1245184K
  class space    used 26216K, committed 26880K, reserved 1048576K
}
Event: 859.548 GC heap after
{Heap after GC invocations=110 (full 0):
 garbage-first heap   total 510976K, used 374651K [0x0000000080000000, 0x0000000100000000)
  region size 1024K, 11 young (11264K), 11 survivors (11264K)
 Metaspace       used 205839K, committed 207168K, reserved 1245184K
  class space    used 26216K, committed 26880K, reserved 1048576K
}
Event: 863.368 GC heap before
{Heap before GC invocations=110 (full 0):
 garbage-first heap   total 510976K, used 439163K [0x0000000080000000, 0x0000000100000000)
  region size 1024K, 74 young (75776K), 11 survivors (11264K)
 Metaspace       used 207298K, committed 208640K, reserved 1245184K
  class space    used 26407K, committed 27072K, reserved 1048576K
}
Event: 863.516 GC heap after
{Heap after GC invocations=111 (full 0):
 garbage-first heap   total 510976K, used 386048K [0x0000000080000000, 0x0000000100000000)
  region size 1024K, 10 young (10240K), 10 survivors (10240K)
 Metaspace       used 207298K, committed 208640K, reserved 1245184K
  class space    used 26407K, committed 27072K, reserved 1048576K
}
Event: 864.868 GC heap before
{Heap before GC invocations=111 (full 0):
 garbage-first heap   total 510976K, used 439296K [0x0000000080000000, 0x0000000100000000)
  region size 1024K, 62 young (63488K), 10 survivors (10240K)
 Metaspace       used 208010K, committed 209344K, reserved 1245184K
  class space    used 26492K, committed 27136K, reserved 1048576K
}
Event: 865.045 GC heap after
{Heap after GC invocations=112 (full 0):
 garbage-first heap   total 510976K, used 396288K [0x0000000080000000, 0x0000000100000000)
  region size 1024K, 8 young (8192K), 8 survivors (8192K)
 Metaspace       used 208010K, committed 209344K, reserved 1245184K
  class space    used 26492K, committed 27136K, reserved 1048576K
}
Event: 866.304 GC heap before
{Heap before GC invocations=112 (full 0):
 garbage-first heap   total 510976K, used 440320K [0x0000000080000000, 0x0000000100000000)
  region size 1024K, 52 young (53248K), 8 survivors (8192K)
 Metaspace       used 208878K, committed 210240K, reserved 1245184K
  class space    used 26617K, committed 27264K, reserved 1048576K
}
Event: 866.369 GC heap after
{Heap after GC invocations=113 (full 0):
 garbage-first heap   total 510976K, used 404480K [0x0000000080000000, 0x0000000100000000)
  region size 1024K, 7 young (7168K), 7 survivors (7168K)
 Metaspace       used 208878K, committed 210240K, reserved 1245184K
  class space    used 26617K, committed 27264K, reserved 1048576K
}
Event: 867.296 GC heap before
{Heap before GC invocations=113 (full 0):
 garbage-first heap   total 510976K, used 442368K [0x0000000080000000, 0x0000000100000000)
  region size 1024K, 45 young (46080K), 7 survivors (7168K)
 Metaspace       used 209225K, committed 210560K, reserved 1245184K
  class space    used 26670K, committed 27328K, reserved 1048576K
}
Event: 867.343 GC heap after
{Heap after GC invocations=114 (full 0):
 garbage-first heap   total 510976K, used 411648K [0x0000000080000000, 0x0000000100000000)
  region size 1024K, 6 young (6144K), 6 survivors (6144K)
 Metaspace       used 209225K, committed 210560K, reserved 1245184K
  class space    used 26670K, committed 27328K, reserved 1048576K
}
Event: 867.950 GC heap before
{Heap before GC invocations=114 (full 0):
 garbage-first heap   total 510976K, used 445440K [0x0000000080000000, 0x0000000100000000)
  region size 1024K, 39 young (39936K), 6 survivors (6144K)
 Metaspace       used 209381K, committed 210688K, reserved 1245184K
  class space    used 26702K, committed 27328K, reserved 1048576K
}
Event: 867.996 GC heap after
{Heap after GC invocations=115 (full 0):
 garbage-first heap   total 510976K, used 418600K [0x0000000080000000, 0x0000000100000000)
  region size 1024K, 5 young (5120K), 5 survivors (5120K)
 Metaspace       used 209381K, committed 210688K, reserved 1245184K
  class space    used 26702K, committed 27328K, reserved 1048576K
}
Event: 868.797 GC heap before
{Heap before GC invocations=115 (full 0):
 garbage-first heap   total 510976K, used 446248K [0x0000000080000000, 0x0000000100000000)
  region size 1024K, 32 young (32768K), 5 survivors (5120K)
 Metaspace       used 209496K, committed 210880K, reserved 1245184K
  class space    used 26718K, committed 27392K, reserved 1048576K
}

