# JRE version: OpenJDK Runtime Environment (17.0.10) (build 17.0.10+0--11572160)
# Java VM: OpenJDK 64-Bit Server VM (17.0.10+0--11572160, mixed mode, tiered, compressed oops, compressed class ptrs, g1 gc, windows-amd64)
GC Precious Log:
 CPUs: 4 total, 4 available
 Memory: 3838M
 Large Page Support: Disabled
 NUMA Support: Disabled
 Compressed Oops: Enabled (32-bit)
 Heap Region Size: 1M
 Heap Min Capacity: 8M
 Heap Initial Capacity: 60M
 Heap Max Capacity: 2G
 Pre-touch: Disabled
 Parallel Workers: 4
 Concurrent Workers: 1
 Concurrent Refinement Workers: 4
 Periodic GC: Disabled
Heap:
 garbage-first heap   total 378880K, used 224979K [0x0000000080000000, 0x0000000100000000)
  region size 1024K, 10 young (10240K), 10 survivors (10240K)
 Metaspace       used 124973K, committed 125888K, reserved 1179648K
  class space    used 17302K, committed 17728K, reserved 1048576K
GC Heap History (20 events):
Event: 140.672 GC heap before
{Heap before GC invocations=57 (full 0):
 garbage-first heap   total 267264K, used 213351K [0x0000000080000000, 0x0000000100000000)
  region size 1024K, 91 young (93184K), 14 survivors (14336K)
 Metaspace       used 114204K, committed 115008K, reserved 1179648K
  class space    used 15763K, committed 16128K, reserved 1048576K
}
Event: 140.751 GC heap after
{Heap after GC invocations=58 (full 0):
 garbage-first heap   total 267264K, used 146944K [0x0000000080000000, 0x0000000100000000)
  region size 1024K, 12 young (12288K), 12 survivors (12288K)
 Metaspace       used 114204K, committed 115008K, reserved 1179648K
  class space    used 15763K, committed 16128K, reserved 1048576K
}
Event: 143.059 GC heap before
{Heap before GC invocations=58 (full 0):
 garbage-first heap   total 267264K, used 213504K [0x0000000080000000, 0x0000000100000000)
  region size 1024K, 78 young (79872K), 12 survivors (12288K)
 Metaspace       used 114808K, committed 115648K, reserved 1179648K
  class space    used 15842K, committed 16256K, reserved 1048576K
}
Event: 143.129 GC heap after
{Heap after GC invocations=59 (full 0):
 garbage-first heap   total 267264K, used 158208K [0x0000000080000000, 0x0000000100000000)
  region size 1024K, 10 young (10240K), 10 survivors (10240K)
 Metaspace       used 114808K, committed 115648K, reserved 1179648K
  class space    used 15842K, committed 16256K, reserved 1048576K
}
Event: 146.681 GC heap before
{Heap before GC invocations=59 (full 0):
 garbage-first heap   total 267264K, used 216576K [0x0000000080000000, 0x0000000100000000)
  region size 1024K, 66 young (67584K), 10 survivors (10240K)
 Metaspace       used 117366K, committed 118272K, reserved 1179648K
  class space    used 16246K, committed 16704K, reserved 1048576K
}
Event: 146.746 GC heap after
{Heap after GC invocations=60 (full 0):
 garbage-first heap   total 321536K, used 163328K [0x0000000080000000, 0x0000000100000000)
  region size 1024K, 5 young (5120K), 5 survivors (5120K)
 Metaspace       used 117366K, committed 118272K, reserved 1179648K
  class space    used 16246K, committed 16704K, reserved 1048576K
}
Event: 152.274 GC heap before
{Heap before GC invocations=60 (full 0):
 garbage-first heap   total 321536K, used 255488K [0x0000000080000000, 0x0000000100000000)
  region size 1024K, 96 young (98304K), 5 survivors (5120K)
 Metaspace       used 118799K, committed 119680K, reserved 1179648K
  class space    used 16414K, committed 16832K, reserved 1048576K
}
Event: 152.364 GC heap after
{Heap after GC invocations=61 (full 0):
 garbage-first heap   total 321536K, used 178176K [0x0000000080000000, 0x0000000100000000)
  region size 1024K, 12 young (12288K), 12 survivors (12288K)
 Metaspace       used 118799K, committed 119680K, reserved 1179648K
  class space    used 16414K, committed 16832K, reserved 1048576K
}
Event: 154.621 GC heap before
{Heap before GC invocations=61 (full 0):
 garbage-first heap   total 321536K, used 259072K [0x0000000080000000, 0x0000000100000000)
  region size 1024K, 91 young (93184K), 12 survivors (12288K)
 Metaspace       used 119651K, committed 120512K, reserved 1179648K
  class space    used 16536K, committed 16960K, reserved 1048576K
}
Event: 154.737 GC heap after
{Heap after GC invocations=62 (full 0):
 garbage-first heap   total 321536K, used 193237K [0x0000000080000000, 0x0000000100000000)
  region size 1024K, 12 young (12288K), 12 survivors (12288K)
 Metaspace       used 119651K, committed 120512K, reserved 1179648K
  class space    used 16536K, committed 16960K, reserved 1048576K
}
Event: 156.167 GC heap before
{Heap before GC invocations=62 (full 0):
 garbage-first heap   total 321536K, used 259797K [0x0000000080000000, 0x0000000100000000)
  region size 1024K, 78 young (79872K), 12 survivors (12288K)
 Metaspace       used 119657K, committed 120512K, reserved 1179648K
  class space    used 16536K, committed 16960K, reserved 1048576K
}
Event: 156.240 GC heap after
{Heap after GC invocations=63 (full 0):
 garbage-first heap   total 321536K, used 204288K [0x0000000080000000, 0x0000000100000000)
  region size 1024K, 10 young (10240K), 10 survivors (10240K)
 Metaspace       used 119657K, committed 120512K, reserved 1179648K
  class space    used 16536K, committed 16960K, reserved 1048576K
}
Event: 157.869 GC heap before
{Heap before GC invocations=63 (full 0):
 garbage-first heap   total 321536K, used 264704K [0x0000000080000000, 0x0000000100000000)
  region size 1024K, 69 young (70656K), 10 survivors (10240K)
 Metaspace       used 120050K, committed 120896K, reserved 1179648K
  class space    used 16599K, committed 17024K, reserved 1048576K
}
Event: 157.934 GC heap after
{Heap after GC invocations=64 (full 0):
 garbage-first heap   total 321536K, used 214016K [0x0000000080000000, 0x0000000100000000)
  region size 1024K, 9 young (9216K), 9 survivors (9216K)
 Metaspace       used 120050K, committed 120896K, reserved 1179648K
  class space    used 16599K, committed 17024K, reserved 1048576K
}
Event: 160.038 GC heap before
{Heap before GC invocations=64 (full 0):
 garbage-first heap   total 321536K, used 230400K [0x0000000080000000, 0x0000000100000000)
  region size 1024K, 27 young (27648K), 9 survivors (9216K)
 Metaspace       used 121519K, committed 122368K, reserved 1179648K
  class space    used 16834K, committed 17280K, reserved 1048576K
}
Event: 160.072 GC heap after
{Heap after GC invocations=65 (full 0):
 garbage-first heap   total 321536K, used 217553K [0x0000000080000000, 0x0000000100000000)
  region size 1024K, 3 young (3072K), 3 survivors (3072K)
 Metaspace       used 121519K, committed 122368K, reserved 1179648K
  class space    used 16834K, committed 17280K, reserved 1048576K
}
Event: 165.282 GC heap before
{Heap before GC invocations=66 (full 0):
 garbage-first heap   total 378880K, used 264657K [0x0000000080000000, 0x0000000100000000)
  region size 1024K, 51 young (52224K), 3 survivors (3072K)
 Metaspace       used 123740K, committed 124608K, reserved 1179648K
  class space    used 17231K, committed 17664K, reserved 1048576K
}
Event: 165.313 GC heap after
{Heap after GC invocations=67 (full 0):
 garbage-first heap   total 378880K, used 221162K [0x0000000080000000, 0x0000000100000000)
  region size 1024K, 7 young (7168K), 7 survivors (7168K)
 Metaspace       used 123740K, committed 124608K, reserved 1179648K
  class space    used 17231K, committed 17664K, reserved 1048576K
}
Event: 165.870 GC heap before
{Heap before GC invocations=67 (full 0):
 garbage-first heap   total 378880K, used 232426K [0x0000000080000000, 0x0000000100000000)
  region size 1024K, 18 young (18432K), 7 survivors (7168K)
 Metaspace       used 123847K, committed 124672K, reserved 1179648K
  class space    used 17244K, committed 17664K, reserved 1048576K
}
Event: 165.902 GC heap after
{Heap after GC invocations=68 (full 0):
 garbage-first heap   total 378880K, used 217662K [0x0000000080000000, 0x0000000100000000)
  region size 1024K, 3 young (3072K), 3 survivors (3072K)
 Metaspace       used 123847K, committed 124672K, reserved 1179648K
  class space    used 17244K, committed 17664K, reserved 1048576K
}

