# JRE version: OpenJDK Runtime Environment (17.0.10) (build 17.0.10+0--11572160)
# Java VM: OpenJDK 64-Bit Server VM (17.0.10+0--11572160, mixed mode, tiered, compressed oops, compressed class ptrs, g1 gc, windows-amd64)
GC Precious Log:
 CPUs: 4 total, 4 available
 Memory: 3838M
 Large Page Support: Disabled
 NUMA Support: Disabled
 Compressed Oops: Enabled (32-bit)
 Heap Region Size: 1M
 Heap Min Capacity: 8M
 Heap Initial Capacity: 60M
 Heap Max Capacity: 2G
 Pre-touch: Disabled
 Parallel Workers: 4
 Concurrent Workers: 1
 Concurrent Refinement Workers: 4
 Periodic GC: Disabled
Heap:
 garbage-first heap   total 435200K, used 257536K [0x0000000080000000, 0x0000000100000000)
  region size 1024K, 13 young (13312K), 13 survivors (13312K)
 Metaspace       used 137406K, committed 138560K, reserved 1179648K
  class space    used 18607K, committed 19136K, reserved 1048576K
GC Heap History (20 events):
Event: 207.684 GC heap after
{Heap after GC invocations=103 (full 0):
 garbage-first heap   total 290816K, used 241310K [0x0000000080000000, 0x0000000100000000)
  region size 1024K, 3 young (3072K), 3 survivors (3072K)
 Metaspace       used 129516K, committed 130688K, reserved 1179648K
  class space    used 17447K, committed 17984K, reserved 1048576K
}
Event: 208.517 GC heap before
{Heap before GC invocations=103 (full 0):
 garbage-first heap   total 290816K, used 252574K [0x0000000080000000, 0x0000000100000000)
  region size 1024K, 15 young (15360K), 3 survivors (3072K)
 Metaspace       used 130529K, committed 131648K, reserved 1179648K
  class space    used 17585K, committed 18112K, reserved 1048576K
}
Event: 208.524 GC heap after
{Heap after GC invocations=104 (full 0):
 garbage-first heap   total 290816K, used 242736K [0x0000000080000000, 0x0000000100000000)
  region size 1024K, 2 young (2048K), 2 survivors (2048K)
 Metaspace       used 130529K, committed 131648K, reserved 1179648K
  class space    used 17585K, committed 18112K, reserved 1048576K
}
Event: 209.572 GC heap before
{Heap before GC invocations=104 (full 0):
 garbage-first heap   total 290816K, used 254000K [0x0000000080000000, 0x0000000100000000)
  region size 1024K, 14 young (14336K), 2 survivors (2048K)
 Metaspace       used 131812K, committed 132992K, reserved 1179648K
  class space    used 17800K, committed 18368K, reserved 1048576K
}
Event: 209.584 GC heap after
{Heap after GC invocations=105 (full 0):
 garbage-first heap   total 290816K, used 242961K [0x0000000080000000, 0x0000000100000000)
  region size 1024K, 2 young (2048K), 2 survivors (2048K)
 Metaspace       used 131812K, committed 132992K, reserved 1179648K
  class space    used 17800K, committed 18368K, reserved 1048576K
}
Event: 210.580 GC heap before
{Heap before GC invocations=105 (full 0):
 garbage-first heap   total 290816K, used 254225K [0x0000000080000000, 0x0000000100000000)
  region size 1024K, 14 young (14336K), 2 survivors (2048K)
 Metaspace       used 132603K, committed 133760K, reserved 1179648K
  class space    used 17889K, committed 18432K, reserved 1048576K
}
Event: 210.591 GC heap after
{Heap after GC invocations=106 (full 0):
 garbage-first heap   total 290816K, used 244555K [0x0000000080000000, 0x0000000100000000)
  region size 1024K, 2 young (2048K), 2 survivors (2048K)
 Metaspace       used 132603K, committed 133760K, reserved 1179648K
  class space    used 17889K, committed 18432K, reserved 1048576K
}
Event: 211.167 GC heap before
{Heap before GC invocations=106 (full 0):
 garbage-first heap   total 290816K, used 256843K [0x0000000080000000, 0x0000000100000000)
  region size 1024K, 14 young (14336K), 2 survivors (2048K)
 Metaspace       used 132877K, committed 134016K, reserved 1179648K
  class space    used 17912K, committed 18432K, reserved 1048576K
}
Event: 211.191 GC heap after
{Heap after GC invocations=107 (full 0):
 garbage-first heap   total 290816K, used 246588K [0x0000000080000000, 0x0000000100000000)
  region size 1024K, 2 young (2048K), 2 survivors (2048K)
 Metaspace       used 132877K, committed 134016K, reserved 1179648K
  class space    used 17912K, committed 18432K, reserved 1048576K
}
Event: 211.532 GC heap before
{Heap before GC invocations=107 (full 0):
 garbage-first heap   total 290816K, used 258876K [0x0000000080000000, 0x0000000100000000)
  region size 1024K, 14 young (14336K), 2 survivors (2048K)
 Metaspace       used 133076K, committed 134208K, reserved 1179648K
  class space    used 17937K, committed 18496K, reserved 1048576K
}
Event: 211.550 GC heap after
{Heap after GC invocations=108 (full 0):
 garbage-first heap   total 290816K, used 248832K [0x0000000080000000, 0x0000000100000000)
  region size 1024K, 2 young (2048K), 2 survivors (2048K)
 Metaspace       used 133076K, committed 134208K, reserved 1179648K
  class space    used 17937K, committed 18496K, reserved 1048576K
}
Event: 211.831 GC heap before
{Heap before GC invocations=108 (full 0):
 garbage-first heap   total 290816K, used 261120K [0x0000000080000000, 0x0000000100000000)
  region size 1024K, 14 young (14336K), 2 survivors (2048K)
 Metaspace       used 133251K, committed 134400K, reserved 1179648K
  class space    used 17960K, committed 18496K, reserved 1048576K
}
Event: 211.857 GC heap after
{Heap after GC invocations=109 (full 0):
 garbage-first heap   total 290816K, used 251081K [0x0000000080000000, 0x0000000100000000)
  region size 1024K, 2 young (2048K), 2 survivors (2048K)
 Metaspace       used 133251K, committed 134400K, reserved 1179648K
  class space    used 17960K, committed 18496K, reserved 1048576K
}
Event: 213.662 GC heap before
{Heap before GC invocations=109 (full 0):
 garbage-first heap   total 435200K, used 263369K [0x0000000080000000, 0x0000000100000000)
  region size 1024K, 14 young (14336K), 2 survivors (2048K)
 Metaspace       used 133317K, committed 134400K, reserved 1179648K
  class space    used 17972K, committed 18496K, reserved 1048576K
}
Event: 213.691 GC heap after
{Heap after GC invocations=110 (full 0):
 garbage-first heap   total 435200K, used 253735K [0x0000000080000000, 0x0000000100000000)
  region size 1024K, 2 young (2048K), 2 survivors (2048K)
 Metaspace       used 133317K, committed 134400K, reserved 1179648K
  class space    used 17972K, committed 18496K, reserved 1048576K
}
Event: 219.013 GC heap before
{Heap before GC invocations=111 (full 0):
 garbage-first heap   total 435200K, used 345895K [0x0000000080000000, 0x0000000100000000)
  region size 1024K, 93 young (95232K), 2 survivors (2048K)
 Metaspace       used 135240K, committed 136448K, reserved 1179648K
  class space    used 18279K, committed 18816K, reserved 1048576K
}
Event: 219.092 GC heap after
{Heap after GC invocations=112 (full 0):
 garbage-first heap   total 435200K, used 268180K [0x0000000080000000, 0x0000000100000000)
  region size 1024K, 12 young (12288K), 12 survivors (12288K)
 Metaspace       used 135240K, committed 136448K, reserved 1179648K
  class space    used 18279K, committed 18816K, reserved 1048576K
}
Event: 219.594 GC heap before
{Heap before GC invocations=112 (full 0):
 garbage-first heap   total 435200K, used 276372K [0x0000000080000000, 0x0000000100000000)
  region size 1024K, 21 young (21504K), 12 survivors (12288K)
 Metaspace       used 135366K, committed 136512K, reserved 1179648K
  class space    used 18304K, committed 18816K, reserved 1048576K
}
Event: 219.683 GC heap after
{Heap after GC invocations=113 (full 0):
 garbage-first heap   total 435200K, used 241811K [0x0000000080000000, 0x0000000100000000)
  region size 1024K, 3 young (3072K), 3 survivors (3072K)
 Metaspace       used 135366K, committed 136512K, reserved 1179648K
  class space    used 18304K, committed 18816K, reserved 1048576K
}
Event: 224.161 GC heap before
{Heap before GC invocations=113 (full 0):
 garbage-first heap   total 435200K, used 340115K [0x0000000080000000, 0x0000000100000000)
  region size 1024K, 100 young (102400K), 3 survivors (3072K)
 Metaspace       used 137406K, committed 138560K, reserved 1179648K
  class space    used 18607K, committed 19136K, reserved 1048576K
}

